{
  "stats": {
    "suites": 1,
    "tests": 1,
    "passes": 1,
    "pending": 0,
    "failures": 0,
    "start": "2024-07-14T05:38:21.741Z",
    "end": "2024-07-14T05:38:37.531Z",
    "duration": 15790,
    "testsRegistered": 1,
    "passPercent": 100,
    "pendingPercent": 0,
    "other": 0,
    "hasOther": false,
    "skipped": 0,
    "hasSkipped": false
  },
  "results": [
    {
      "uuid": "dce04b22-3d7f-4826-b339-9c2d93328793",
      "title": "",
      "fullFile": "cypress/integration/UI/Soal_2.spec.js",
      "file": "cypress/integration/UI/Soal_2.spec.js",
      "beforeHooks": [],
      "afterHooks": [],
      "tests": [],
      "suites": [
        {
          "uuid": "675c13bc-8b60-4641-a79b-da6fa8e33a8d",
          "title": "Adding product to checkout",
          "fullFile": "",
          "file": "",
          "beforeHooks": [],
          "afterHooks": [],
          "tests": [
            {
              "title": "User search product",
              "fullTitle": "Adding product to checkout User search product",
              "timedOut": null,
              "duration": 14458,
              "state": "passed",
              "speed": "slow",
              "pass": true,
              "fail": false,
              "pending": false,
              "context": null,
              "code": "const search_product = \"T-Shirt\";\ncy.visit('https://demo.vercel.store');\ncy.wait(3000);\ncy.get('[name=\"search\"').should('exist').type(`${search_product}{enter}`).wait(3000);\ncy.xpath(`//*[contains(text(),\"${search_product}\")]`).should('be.visible').first().click();\ncy.swipeVertical('//h1', 100, 300, 200);\ncy.xpath('//*[(text()=\"Size\")]/following-sibling::dd/button[(text()=\"XS\")]').should('exist').click().wait(3000);\ncy.xpath('//button[(text()=\"Add To Cart\")]').should('exist').click().wait(3000);\ncy.xpath('//h1').invoke('text').then(text => {\n  cy.wrap(text).as('ProductName');\n}); //verifcation in CO page\ncy.xpath('//*[(@class=\"leading-tight\")][1]').invoke('text').then(text => {\n  cy.wrap(text).as('ProductNameCO');\n});\ncy.get('@ProductName').then(expectedNameProduct => {\n  cy.get('@ProductNameCO').then(actualNameProductCO => {\n    expect(expectedNameProduct).to.equal(actualNameProductCO);\n  });\n});",
              "err": {},
              "uuid": "e9662923-d71e-4aa2-ad08-a3b7e07f7a1d",
              "parentUUID": "675c13bc-8b60-4641-a79b-da6fa8e33a8d",
              "isHook": false,
              "skipped": false
            }
          ],
          "suites": [],
          "passes": [
            "e9662923-d71e-4aa2-ad08-a3b7e07f7a1d"
          ],
          "failures": [],
          "pending": [],
          "skipped": [],
          "duration": 14458,
          "root": false,
          "rootEmpty": false,
          "_timeout": 2000
        }
      ],
      "passes": [],
      "failures": [],
      "pending": [],
      "skipped": [],
      "duration": 0,
      "root": true,
      "rootEmpty": true,
      "_timeout": 2000
    }
  ],
  "meta": {
    "mocha": {
      "version": "7.0.1"
    },
    "mochawesome": {
      "options": {
        "quiet": false,
        "reportFilename": "mochawesome",
        "saveHtml": false,
        "saveJson": true,
        "consoleReporter": "spec",
        "useInlineDiffs": false,
        "code": true
      },
      "version": "7.1.3"
    },
    "marge": {
      "options": {
        "reportDir": "cypress/reports",
        "overwrite": false,
        "html": false,
        "json": true
      },
      "version": "6.2.0"
    }
  }
}