{
  "stats": {
    "suites": 1,
    "tests": 1,
    "passes": 0,
    "pending": 0,
    "failures": 1,
    "start": "2024-07-15T14:31:35.528Z",
    "end": "2024-07-15T14:31:42.298Z",
    "duration": 6770,
    "testsRegistered": 1,
    "passPercent": 0,
    "pendingPercent": 0,
    "other": 0,
    "hasOther": false,
    "skipped": 0,
    "hasSkipped": false
  },
  "results": [
    {
      "uuid": "fd99caa1-d91a-475a-abb7-b48b17f86ed8",
      "title": "",
      "fullFile": "cypress/integration/UI/Soal_3.spec.js",
      "file": "cypress/integration/UI/Soal_3.spec.js",
      "beforeHooks": [],
      "afterHooks": [],
      "tests": [],
      "suites": [
        {
          "uuid": "a17cfb01-202c-4fc2-a33a-c0cea4c83b94",
          "title": "Adding product to checkout",
          "fullFile": "",
          "file": "",
          "beforeHooks": [],
          "afterHooks": [],
          "tests": [
            {
              "title": "User choose product and add checkout",
              "fullTitle": "Adding product to checkout User choose product and add checkout",
              "timedOut": null,
              "duration": 4528,
              "state": "failed",
              "speed": null,
              "pass": false,
              "fail": true,
              "pending": false,
              "context": null,
              "code": "//visit to shop-all\ncy.visit('https://demo.vercel.store/search?sort=price-desc');\ncy.wait(3000); // Add assertions to verify the items are sorted correctly\ncy.get('.rounded-full.bg-blue-600').should('have.length.greaterThan', 0).then($prices => {\n  const prices = Cypress._.map($prices, price => parseFloat(price.innerText.replace('$', '')));\n  const sortedPrices = Cypress._.clone(prices).sort((a, b) => b - a); // Log prices for debugging\n\n  cy.wrap(prices).then(prices => {\n    cy.log('Prices:', prices);\n  });\n  cy.wrap(sortedPrices).then(sortedPrices => {\n    cy.log('Sorted Prices:', sortedPrices);\n  });\n  for (let i = 0; i < prices.length; i++) {\n    expect(prices[i]).to.equal(sortedPrices[i]);\n  }\n});",
              "err": {
                "message": "AssertionError: expected 45 to equal 50",
                "estack": "AssertionError: expected 45 to equal 50\n    at Context.eval (https://demo.vercel.store/__cypress/tests?p=cypress\\integration\\UI\\Soal_3.spec.js:120:30)",
                "diff": "- 45\n+ 50\n"
              },
              "uuid": "8cf7ab71-5f29-4d5b-a0eb-54c38364080c",
              "parentUUID": "a17cfb01-202c-4fc2-a33a-c0cea4c83b94",
              "isHook": false,
              "skipped": false
            }
          ],
          "suites": [],
          "passes": [],
          "failures": [
            "8cf7ab71-5f29-4d5b-a0eb-54c38364080c"
          ],
          "pending": [],
          "skipped": [],
          "duration": 4528,
          "root": false,
          "rootEmpty": false,
          "_timeout": 2000
        }
      ],
      "passes": [],
      "failures": [],
      "pending": [],
      "skipped": [],
      "duration": 0,
      "root": true,
      "rootEmpty": true,
      "_timeout": 2000
    }
  ],
  "meta": {
    "mocha": {
      "version": "7.0.1"
    },
    "mochawesome": {
      "options": {
        "quiet": false,
        "reportFilename": "mochawesome",
        "saveHtml": false,
        "saveJson": true,
        "consoleReporter": "spec",
        "useInlineDiffs": false,
        "code": true
      },
      "version": "7.1.3"
    },
    "marge": {
      "options": {
        "reportDir": "cypress/reports",
        "overwrite": false,
        "html": false,
        "json": true
      },
      "version": "6.2.0"
    }
  }
}