{
  "stats": {
    "suites": 2,
    "tests": 1,
    "passes": 1,
    "pending": 0,
    "failures": 0,
    "start": "2024-07-14T05:37:52.874Z",
    "end": "2024-07-14T05:37:54.458Z",
    "duration": 1584,
    "testsRegistered": 1,
    "passPercent": 100,
    "pendingPercent": 0,
    "other": 0,
    "hasOther": false,
    "skipped": 0,
    "hasSkipped": false
  },
  "results": [
    {
      "uuid": "58f749a3-91e3-465f-a12f-5315db757231",
      "title": "",
      "fullFile": "cypress/integration/API/GETtodos.spec.js",
      "file": "cypress/integration/API/GETtodos.spec.js",
      "beforeHooks": [],
      "afterHooks": [],
      "tests": [],
      "suites": [
        {
          "uuid": "ff8befc4-0083-4e17-89c6-5128c398f818",
          "title": "Testing api",
          "fullFile": "",
          "file": "",
          "beforeHooks": [],
          "afterHooks": [],
          "tests": [],
          "suites": [
            {
              "uuid": "0f8310c7-9631-400a-85d5-8172e5ad590a",
              "title": "GET /todos",
              "fullFile": "",
              "file": "",
              "beforeHooks": [],
              "afterHooks": [],
              "tests": [
                {
                  "title": "Get todos with title containing \"credo\" and status \"completed\"",
                  "fullTitle": "Testing api GET /todos Get todos with title containing \"credo\" and status \"completed\"",
                  "timedOut": null,
                  "duration": 1563,
                  "state": "passed",
                  "speed": "fast",
                  "pass": true,
                  "fail": false,
                  "pending": false,
                  "context": null,
                  "code": "cy.request({\n  method: 'GET',\n  url: 'https://gorest.co.in/public/v1/todos',\n  headers: {\n    Authorization: `Bearer ${token}`\n  }\n}).then(response => {\n  expect(response.status).to.eq(200);\n  cy.log(`Response Body: ${JSON.stringify(response.body.data)}`);\n  const bodyData = response.body.data;\n  const filteredTodos = bodyData.filter(todo => todo.title.includes('astrum') && todo.status === 'completed');\n  filteredTodos.forEach(todo => {\n    expect(todo.title).to.include('astrum');\n    expect(todo.status).to.eq('completed');\n    expect(todo.due_on).to.not.be.null;\n    expect(todo.user_id).to.not.be.null;\n  });\n});",
                  "err": {},
                  "uuid": "e3452de2-68a4-470a-bd85-e2885264ec2a",
                  "parentUUID": "0f8310c7-9631-400a-85d5-8172e5ad590a",
                  "isHook": false,
                  "skipped": false
                }
              ],
              "suites": [],
              "passes": [
                "e3452de2-68a4-470a-bd85-e2885264ec2a"
              ],
              "failures": [],
              "pending": [],
              "skipped": [],
              "duration": 1563,
              "root": false,
              "rootEmpty": false,
              "_timeout": 2000
            }
          ],
          "passes": [],
          "failures": [],
          "pending": [],
          "skipped": [],
          "duration": 0,
          "root": false,
          "rootEmpty": false,
          "_timeout": 2000
        }
      ],
      "passes": [],
      "failures": [],
      "pending": [],
      "skipped": [],
      "duration": 0,
      "root": true,
      "rootEmpty": true,
      "_timeout": 2000
    }
  ],
  "meta": {
    "mocha": {
      "version": "7.0.1"
    },
    "mochawesome": {
      "options": {
        "quiet": false,
        "reportFilename": "mochawesome",
        "saveHtml": false,
        "saveJson": true,
        "consoleReporter": "spec",
        "useInlineDiffs": false,
        "code": true
      },
      "version": "7.1.3"
    },
    "marge": {
      "options": {
        "reportDir": "cypress/reports",
        "overwrite": false,
        "html": false,
        "json": true
      },
      "version": "6.2.0"
    }
  }
}