{
  "stats": {
    "suites": 2,
    "tests": 1,
    "passes": 1,
    "pending": 0,
    "failures": 0,
    "start": "2024-07-15T14:28:07.534Z",
    "end": "2024-07-15T14:28:10.738Z",
    "duration": 3204,
    "testsRegistered": 1,
    "passPercent": 100,
    "pendingPercent": 0,
    "other": 0,
    "hasOther": false,
    "skipped": 0,
    "hasSkipped": false
  },
  "results": [
    {
      "uuid": "e0c547a1-e603-4e6b-ae26-8c42d7dc8404",
      "title": "",
      "fullFile": "cypress/integration/API/GETtodos.spec.js",
      "file": "cypress/integration/API/GETtodos.spec.js",
      "beforeHooks": [],
      "afterHooks": [],
      "tests": [],
      "suites": [
        {
          "uuid": "d435e1d8-78d9-4d2a-85c6-08c29889e700",
          "title": "Testing api",
          "fullFile": "",
          "file": "",
          "beforeHooks": [],
          "afterHooks": [],
          "tests": [],
          "suites": [
            {
              "uuid": "c7fdb50d-a35a-4dc6-b497-c4414cfbaa3d",
              "title": "GET /todos",
              "fullFile": "",
              "file": "",
              "beforeHooks": [],
              "afterHooks": [],
              "tests": [
                {
                  "title": "Get todos with title containing \"Calamitas\" and status \"completed\"",
                  "fullTitle": "Testing api GET /todos Get todos with title containing \"Calamitas\" and status \"completed\"",
                  "timedOut": null,
                  "duration": 3172,
                  "state": "passed",
                  "speed": "fast",
                  "pass": true,
                  "fail": false,
                  "pending": false,
                  "context": null,
                  "code": "cy.request({\n  method: 'GET',\n  url: 'https://gorest.co.in/public/v1/todos',\n  headers: {\n    Authorization: `Bearer ${token}`\n  }\n}).then(response => {\n  expect(response.status).to.eq(200);\n  cy.log(`Response Body: ${JSON.stringify(response.body.data)}`);\n  const bodyData = response.body.data;\n  const filteredTodos = bodyData.filter(todo => todo.title.includes('Calamitas') && todo.status === 'completed');\n  filteredTodos.forEach(todo => {\n    expect(todo.title).to.include('Calamitas');\n    expect(todo.status).to.eq('completed');\n    expect(todo.due_on).to.not.be.null;\n    expect(todo.user_id).to.not.be.null;\n  }); // expect(filteredTodos).to.not.be.empty;\n  // const allTitlesIncludeCredo = filteredTodos.every(todo => todo.title.includes('credos'));\n  // const allStatusesAreCompleted = filteredTodos.every(todo => todo.status === 'completed');\n  // expect(allTitlesIncludeCredo).to.be.true;\n  // expect(allStatusesAreCompleted).to.be.true;\n});",
                  "err": {},
                  "uuid": "b4dbd06e-8804-4b63-a5e2-3bdd99a03418",
                  "parentUUID": "c7fdb50d-a35a-4dc6-b497-c4414cfbaa3d",
                  "isHook": false,
                  "skipped": false
                }
              ],
              "suites": [],
              "passes": [
                "b4dbd06e-8804-4b63-a5e2-3bdd99a03418"
              ],
              "failures": [],
              "pending": [],
              "skipped": [],
              "duration": 3172,
              "root": false,
              "rootEmpty": false,
              "_timeout": 2000
            }
          ],
          "passes": [],
          "failures": [],
          "pending": [],
          "skipped": [],
          "duration": 0,
          "root": false,
          "rootEmpty": false,
          "_timeout": 2000
        }
      ],
      "passes": [],
      "failures": [],
      "pending": [],
      "skipped": [],
      "duration": 0,
      "root": true,
      "rootEmpty": true,
      "_timeout": 2000
    }
  ],
  "meta": {
    "mocha": {
      "version": "7.0.1"
    },
    "mochawesome": {
      "options": {
        "quiet": false,
        "reportFilename": "mochawesome",
        "saveHtml": false,
        "saveJson": true,
        "consoleReporter": "spec",
        "useInlineDiffs": false,
        "code": true
      },
      "version": "7.1.3"
    },
    "marge": {
      "options": {
        "reportDir": "cypress/reports",
        "overwrite": false,
        "html": false,
        "json": true
      },
      "version": "6.2.0"
    }
  }
}